<?xml version="1.0" encoding="utf-8"?>
<coverage line-rate="0.57827926657263751" branch-rate="0" complexity="0" branches-covered="0" branches-valid="0" timestamp="1780484782" lines-covered="410" lines-valid="709" version="0">
  <sources>
    <source>D:</source>
  </sources>
  <packages>
    <package name="D:\source\llama.cpp-jet\build-cov\bin\Release\test-step12-branch-graph.exe" line-rate="0.57827926657263751" branch-rate="0" complexity="0">
      <classes>
        <class name="test-step12-branch-graph.cpp" filename="source\llama.cpp-jet\tests\test-step12-branch-graph.cpp" line-rate="0.95569620253164556" branch-rate="0" complexity="0">
          <methods/>
          <lines>
            <line number="18" hits="1"/>
            <line number="19" hits="1"/>
            <line number="20" hits="1"/>
            <line number="21" hits="1"/>
            <line number="24" hits="1"/>
            <line number="26" hits="1"/>
            <line number="27" hits="1"/>
            <line number="28" hits="1"/>
            <line number="30" hits="1"/>
            <line number="31" hits="1"/>
            <line number="32" hits="1"/>
            <line number="33" hits="1"/>
            <line number="35" hits="1"/>
            <line number="36" hits="0"/>
            <line number="37" hits="1"/>
            <line number="38" hits="1"/>
            <line number="39" hits="1"/>
            <line number="40" hits="1"/>
            <line number="42" hits="1"/>
            <line number="43" hits="1"/>
            <line number="44" hits="1"/>
            <line number="45" hits="1"/>
            <line number="46" hits="1"/>
            <line number="47" hits="1"/>
            <line number="50" hits="1"/>
            <line number="51" hits="1"/>
            <line number="52" hits="1"/>
            <line number="53" hits="1"/>
            <line number="54" hits="1"/>
            <line number="55" hits="1"/>
            <line number="56" hits="1"/>
            <line number="57" hits="1"/>
            <line number="58" hits="1"/>
            <line number="59" hits="1"/>
            <line number="60" hits="1"/>
            <line number="62" hits="1"/>
            <line number="63" hits="1"/>
            <line number="64" hits="1"/>
            <line number="65" hits="1"/>
            <line number="66" hits="1"/>
            <line number="67" hits="1"/>
            <line number="68" hits="1"/>
            <line number="69" hits="1"/>
            <line number="70" hits="1"/>
            <line number="71" hits="1"/>
            <line number="73" hits="1"/>
            <line number="74" hits="1"/>
            <line number="75" hits="1"/>
            <line number="76" hits="1"/>
            <line number="77" hits="1"/>
            <line number="78" hits="1"/>
            <line number="79" hits="1"/>
            <line number="80" hits="1"/>
            <line number="81" hits="1"/>
            <line number="82" hits="1"/>
            <line number="83" hits="1"/>
            <line number="84" hits="1"/>
            <line number="85" hits="1"/>
            <line number="86" hits="1"/>
            <line number="88" hits="1"/>
            <line number="89" hits="1"/>
            <line number="90" hits="1"/>
            <line number="91" hits="1"/>
            <line number="93" hits="1"/>
            <line number="94" hits="1"/>
            <line number="95" hits="1"/>
            <line number="96" hits="1"/>
            <line number="97" hits="1"/>
            <line number="99" hits="1"/>
            <line number="100" hits="1"/>
            <line number="101" hits="1"/>
            <line number="102" hits="1"/>
            <line number="103" hits="1"/>
            <line number="104" hits="1"/>
            <line number="106" hits="1"/>
            <line number="107" hits="1"/>
            <line number="108" hits="1"/>
            <line number="109" hits="1"/>
            <line number="110" hits="1"/>
            <line number="111" hits="1"/>
            <line number="112" hits="1"/>
            <line number="114" hits="1"/>
            <line number="115" hits="1"/>
            <line number="116" hits="1"/>
            <line number="117" hits="1"/>
            <line number="118" hits="1"/>
            <line number="119" hits="1"/>
            <line number="120" hits="1"/>
            <line number="121" hits="1"/>
            <line number="122" hits="1"/>
            <line number="124" hits="1"/>
            <line number="125" hits="1"/>
            <line number="126" hits="1"/>
            <line number="127" hits="1"/>
            <line number="128" hits="1"/>
            <line number="129" hits="1"/>
            <line number="131" hits="1"/>
            <line number="132" hits="1"/>
            <line number="133" hits="1"/>
            <line number="134" hits="1"/>
            <line number="135" hits="1"/>
            <line number="136" hits="1"/>
            <line number="137" hits="1"/>
            <line number="138" hits="1"/>
            <line number="139" hits="1"/>
            <line number="140" hits="1"/>
            <line number="141" hits="1"/>
            <line number="142" hits="1"/>
            <line number="143" hits="1"/>
            <line number="144" hits="1"/>
            <line number="145" hits="1"/>
            <line number="146" hits="1"/>
            <line number="148" hits="1"/>
            <line number="149" hits="1"/>
            <line number="150" hits="1"/>
            <line number="151" hits="1"/>
            <line number="152" hits="1"/>
            <line number="154" hits="1"/>
            <line number="155" hits="1"/>
            <line number="156" hits="1"/>
            <line number="157" hits="1"/>
            <line number="158" hits="1"/>
            <line number="159" hits="1"/>
            <line number="160" hits="1"/>
            <line number="161" hits="1"/>
            <line number="162" hits="1"/>
            <line number="164" hits="1"/>
            <line number="165" hits="1"/>
            <line number="166" hits="1"/>
            <line number="167" hits="1"/>
            <line number="168" hits="1"/>
            <line number="169" hits="1"/>
            <line number="170" hits="1"/>
            <line number="171" hits="1"/>
            <line number="172" hits="0"/>
            <line number="173" hits="0"/>
            <line number="174" hits="0"/>
            <line number="175" hits="0"/>
            <line number="176" hits="0"/>
            <line number="178" hits="0"/>
            <line number="180" hits="1"/>
            <line number="181" hits="1"/>
            <line number="183" hits="1"/>
            <line number="184" hits="1"/>
            <line number="185" hits="1"/>
            <line number="186" hits="1"/>
            <line number="187" hits="1"/>
            <line number="189" hits="1"/>
            <line number="190" hits="1"/>
            <line number="191" hits="1"/>
            <line number="192" hits="1"/>
            <line number="193" hits="1"/>
            <line number="194" hits="1"/>
            <line number="195" hits="1"/>
            <line number="196" hits="1"/>
            <line number="197" hits="1"/>
            <line number="198" hits="1"/>
            <line number="199" hits="1"/>
          </lines>
        </class>
        <class name="server-cache-graph.cpp" filename="source\llama.cpp-jet\tools\server\server-cache-graph.cpp" line-rate="0.4519774011299435" branch-rate="0" complexity="0">
          <methods/>
          <lines>
            <line number="8" hits="1"/>
            <line number="9" hits="1"/>
            <line number="10" hits="1"/>
            <line number="12" hits="1"/>
            <line number="14" hits="1"/>
            <line number="15" hits="1"/>
            <line number="16" hits="1"/>
            <line number="17" hits="1"/>
            <line number="18" hits="1"/>
            <line number="19" hits="1"/>
            <line number="20" hits="1"/>
            <line number="22" hits="1"/>
            <line number="23" hits="1"/>
            <line number="25" hits="0"/>
            <line number="26" hits="0"/>
            <line number="27" hits="0"/>
            <line number="29" hits="1"/>
            <line number="30" hits="1"/>
            <line number="33" hits="1"/>
            <line number="34" hits="1"/>
            <line number="35" hits="1"/>
            <line number="39" hits="1"/>
            <line number="40" hits="1"/>
            <line number="41" hits="1"/>
            <line number="42" hits="1"/>
            <line number="54" hits="1"/>
            <line number="56" hits="1"/>
            <line number="58" hits="1"/>
            <line number="59" hits="1"/>
            <line number="60" hits="1"/>
            <line number="62" hits="0"/>
            <line number="63" hits="0"/>
            <line number="64" hits="0"/>
            <line number="65" hits="0"/>
            <line number="67" hits="1"/>
            <line number="70" hits="1"/>
            <line number="71" hits="1"/>
            <line number="73" hits="1"/>
            <line number="75" hits="1"/>
            <line number="76" hits="1"/>
            <line number="77" hits="1"/>
            <line number="78" hits="1"/>
            <line number="79" hits="1"/>
            <line number="80" hits="1"/>
            <line number="81" hits="1"/>
            <line number="82" hits="1"/>
            <line number="83" hits="1"/>
            <line number="84" hits="1"/>
            <line number="85" hits="1"/>
            <line number="86" hits="0"/>
            <line number="88" hits="1"/>
            <line number="89" hits="1"/>
            <line number="90" hits="0"/>
            <line number="92" hits="1"/>
            <line number="93" hits="1"/>
            <line number="94" hits="1"/>
            <line number="95" hits="1"/>
            <line number="96" hits="1"/>
            <line number="97" hits="1"/>
            <line number="98" hits="1"/>
            <line number="99" hits="1"/>
            <line number="100" hits="1"/>
            <line number="102" hits="1"/>
            <line number="103" hits="1"/>
            <line number="104" hits="1"/>
            <line number="108" hits="1"/>
            <line number="109" hits="1"/>
            <line number="112" hits="1"/>
            <line number="121" hits="1"/>
            <line number="122" hits="1"/>
            <line number="123" hits="1"/>
            <line number="127" hits="1"/>
            <line number="128" hits="1"/>
            <line number="129" hits="1"/>
            <line number="130" hits="1"/>
            <line number="131" hits="1"/>
            <line number="132" hits="1"/>
            <line number="133" hits="1"/>
            <line number="134" hits="1"/>
            <line number="135" hits="1"/>
            <line number="136" hits="1"/>
            <line number="137" hits="1"/>
            <line number="139" hits="1"/>
            <line number="140" hits="1"/>
            <line number="142" hits="1"/>
            <line number="143" hits="1"/>
            <line number="144" hits="1"/>
            <line number="145" hits="1"/>
            <line number="146" hits="1"/>
            <line number="148" hits="1"/>
            <line number="149" hits="1"/>
            <line number="151" hits="1"/>
            <line number="152" hits="1"/>
            <line number="153" hits="1"/>
            <line number="154" hits="1"/>
            <line number="157" hits="1"/>
            <line number="160" hits="1"/>
            <line number="161" hits="1"/>
            <line number="165" hits="1"/>
            <line number="166" hits="1"/>
            <line number="167" hits="0"/>
            <line number="168" hits="0"/>
            <line number="170" hits="0"/>
            <line number="171" hits="0"/>
            <line number="172" hits="0"/>
            <line number="175" hits="0"/>
            <line number="176" hits="1"/>
            <line number="177" hits="1"/>
            <line number="179" hits="1"/>
            <line number="182" hits="1"/>
            <line number="183" hits="1"/>
            <line number="184" hits="1"/>
            <line number="185" hits="1"/>
            <line number="187" hits="1"/>
            <line number="188" hits="1"/>
            <line number="189" hits="1"/>
            <line number="190" hits="1"/>
            <line number="191" hits="1"/>
            <line number="193" hits="0"/>
            <line number="194" hits="0"/>
            <line number="195" hits="0"/>
            <line number="196" hits="0"/>
            <line number="197" hits="0"/>
            <line number="202" hits="1"/>
            <line number="203" hits="1"/>
            <line number="204" hits="1"/>
            <line number="205" hits="1"/>
            <line number="208" hits="1"/>
            <line number="209" hits="1"/>
            <line number="210" hits="1"/>
            <line number="213" hits="1"/>
            <line number="214" hits="1"/>
            <line number="217" hits="1"/>
            <line number="219" hits="1"/>
            <line number="224" hits="1"/>
            <line number="225" hits="1"/>
            <line number="226" hits="1"/>
            <line number="227" hits="1"/>
            <line number="230" hits="1"/>
            <line number="231" hits="1"/>
            <line number="232" hits="1"/>
            <line number="235" hits="1"/>
            <line number="236" hits="1"/>
            <line number="239" hits="1"/>
            <line number="241" hits="1"/>
            <line number="243" hits="1"/>
            <line number="244" hits="1"/>
            <line number="245" hits="1"/>
            <line number="246" hits="1"/>
            <line number="247" hits="1"/>
            <line number="248" hits="1"/>
            <line number="250" hits="1"/>
            <line number="251" hits="1"/>
            <line number="252" hits="1"/>
            <line number="253" hits="1"/>
            <line number="254" hits="1"/>
            <line number="256" hits="1"/>
            <line number="257" hits="1"/>
            <line number="258" hits="1"/>
            <line number="259" hits="1"/>
            <line number="260" hits="1"/>
            <line number="261" hits="1"/>
            <line number="262" hits="1"/>
            <line number="263" hits="1"/>
            <line number="264" hits="1"/>
            <line number="267" hits="1"/>
            <line number="268" hits="1"/>
            <line number="270" hits="1"/>
            <line number="271" hits="1"/>
            <line number="273" hits="1"/>
            <line number="274" hits="1"/>
            <line number="275" hits="1"/>
            <line number="276" hits="1"/>
            <line number="277" hits="1"/>
            <line number="278" hits="1"/>
            <line number="279" hits="1"/>
            <line number="280" hits="1"/>
            <line number="281" hits="1"/>
            <line number="282" hits="1"/>
            <line number="283" hits="1"/>
            <line number="286" hits="1"/>
            <line number="287" hits="1"/>
            <line number="288" hits="1"/>
            <line number="291" hits="1"/>
            <line number="292" hits="1"/>
            <line number="294" hits="1"/>
            <line number="295" hits="1"/>
            <line number="296" hits="1"/>
            <line number="297" hits="1"/>
            <line number="298" hits="1"/>
            <line number="300" hits="1"/>
            <line number="301" hits="1"/>
            <line number="302" hits="1"/>
            <line number="303" hits="1"/>
            <line number="305" hits="1"/>
            <line number="306" hits="1"/>
            <line number="307" hits="1"/>
            <line number="308" hits="1"/>
            <line number="309" hits="1"/>
            <line number="313" hits="1"/>
            <line number="314" hits="1"/>
            <line number="316" hits="1"/>
            <line number="317" hits="1"/>
            <line number="318" hits="1"/>
            <line number="319" hits="1"/>
            <line number="320" hits="1"/>
            <line number="322" hits="0"/>
            <line number="323" hits="0"/>
            <line number="324" hits="0"/>
            <line number="325" hits="0"/>
            <line number="326" hits="0"/>
            <line number="328" hits="0"/>
            <line number="329" hits="0"/>
            <line number="331" hits="0"/>
            <line number="332" hits="0"/>
            <line number="333" hits="0"/>
            <line number="334" hits="0"/>
            <line number="335" hits="0"/>
            <line number="336" hits="0"/>
            <line number="339" hits="0"/>
            <line number="340" hits="0"/>
            <line number="342" hits="1"/>
            <line number="343" hits="1"/>
            <line number="344" hits="1"/>
            <line number="345" hits="1"/>
            <line number="348" hits="1"/>
            <line number="349" hits="1"/>
            <line number="350" hits="1"/>
            <line number="351" hits="1"/>
            <line number="352" hits="1"/>
            <line number="354" hits="1"/>
            <line number="355" hits="1"/>
            <line number="356" hits="1"/>
            <line number="357" hits="1"/>
            <line number="360" hits="1"/>
            <line number="361" hits="1"/>
            <line number="362" hits="1"/>
            <line number="363" hits="1"/>
            <line number="366" hits="0"/>
            <line number="367" hits="1"/>
            <line number="369" hits="1"/>
            <line number="370" hits="1"/>
            <line number="371" hits="1"/>
            <line number="372" hits="1"/>
            <line number="373" hits="1"/>
            <line number="375" hits="1"/>
            <line number="376" hits="1"/>
            <line number="377" hits="1"/>
            <line number="378" hits="1"/>
            <line number="379" hits="1"/>
            <line number="380" hits="1"/>
            <line number="383" hits="1"/>
            <line number="386" hits="1"/>
            <line number="390" hits="0"/>
            <line number="393" hits="0"/>
            <line number="394" hits="0"/>
            <line number="395" hits="1"/>
            <line number="396" hits="1"/>
            <line number="398" hits="1"/>
            <line number="399" hits="1"/>
            <line number="400" hits="1"/>
            <line number="401" hits="1"/>
            <line number="402" hits="1"/>
            <line number="406" hits="1"/>
            <line number="407" hits="1"/>
            <line number="408" hits="1"/>
            <line number="412" hits="1"/>
            <line number="413" hits="1"/>
            <line number="415" hits="0"/>
            <line number="416" hits="0"/>
            <line number="417" hits="0"/>
            <line number="418" hits="0"/>
            <line number="423" hits="0"/>
            <line number="431" hits="0"/>
            <line number="436" hits="0"/>
            <line number="437" hits="0"/>
            <line number="439" hits="0"/>
            <line number="440" hits="0"/>
            <line number="442" hits="0"/>
            <line number="443" hits="0"/>
            <line number="444" hits="0"/>
            <line number="445" hits="0"/>
            <line number="446" hits="0"/>
            <line number="448" hits="0"/>
            <line number="449" hits="0"/>
            <line number="450" hits="0"/>
            <line number="451" hits="0"/>
            <line number="454" hits="0"/>
            <line number="455" hits="0"/>
            <line number="457" hits="0"/>
            <line number="458" hits="0"/>
            <line number="459" hits="0"/>
            <line number="460" hits="0"/>
            <line number="466" hits="0"/>
            <line number="471" hits="0"/>
            <line number="476" hits="0"/>
            <line number="477" hits="0"/>
            <line number="482" hits="0"/>
            <line number="483" hits="0"/>
            <line number="484" hits="0"/>
            <line number="485" hits="0"/>
            <line number="487" hits="0"/>
            <line number="488" hits="0"/>
            <line number="489" hits="0"/>
            <line number="492" hits="0"/>
            <line number="493" hits="0"/>
            <line number="494" hits="0"/>
            <line number="496" hits="0"/>
            <line number="501" hits="0"/>
            <line number="504" hits="0"/>
            <line number="505" hits="0"/>
            <line number="506" hits="0"/>
            <line number="512" hits="0"/>
            <line number="513" hits="0"/>
            <line number="514" hits="0"/>
            <line number="515" hits="0"/>
            <line number="516" hits="0"/>
            <line number="517" hits="0"/>
            <line number="520" hits="0"/>
            <line number="523" hits="0"/>
            <line number="526" hits="0"/>
            <line number="529" hits="0"/>
            <line number="532" hits="0"/>
            <line number="534" hits="0"/>
            <line number="535" hits="0"/>
            <line number="541" hits="0"/>
            <line number="542" hits="0"/>
            <line number="543" hits="0"/>
            <line number="554" hits="0"/>
            <line number="555" hits="0"/>
            <line number="556" hits="0"/>
            <line number="560" hits="0"/>
            <line number="561" hits="0"/>
            <line number="564" hits="0"/>
            <line number="565" hits="0"/>
            <line number="567" hits="0"/>
            <line number="570" hits="0"/>
            <line number="571" hits="0"/>
            <line number="578" hits="0"/>
            <line number="579" hits="0"/>
            <line number="580" hits="0"/>
            <line number="581" hits="0"/>
            <line number="582" hits="0"/>
            <line number="583" hits="0"/>
            <line number="590" hits="0"/>
            <line number="591" hits="0"/>
            <line number="598" hits="0"/>
            <line number="599" hits="0"/>
            <line number="606" hits="0"/>
            <line number="607" hits="0"/>
            <line number="614" hits="0"/>
            <line number="615" hits="0"/>
            <line number="618" hits="0"/>
            <line number="619" hits="0"/>
            <line number="624" hits="0"/>
            <line number="625" hits="0"/>
            <line number="626" hits="0"/>
            <line number="637" hits="0"/>
            <line number="642" hits="0"/>
            <line number="643" hits="0"/>
            <line number="646" hits="0"/>
            <line number="647" hits="0"/>
            <line number="649" hits="0"/>
            <line number="652" hits="0"/>
            <line number="653" hits="0"/>
            <line number="654" hits="0"/>
            <line number="655" hits="0"/>
            <line number="657" hits="0"/>
            <line number="658" hits="0"/>
            <line number="660" hits="0"/>
            <line number="673" hits="0"/>
            <line number="674" hits="0"/>
            <line number="678" hits="0"/>
            <line number="683" hits="0"/>
            <line number="688" hits="0"/>
            <line number="693" hits="0"/>
            <line number="694" hits="0"/>
            <line number="696" hits="0"/>
            <line number="697" hits="0"/>
            <line number="702" hits="0"/>
            <line number="703" hits="0"/>
            <line number="704" hits="0"/>
            <line number="709" hits="0"/>
            <line number="710" hits="0"/>
            <line number="712" hits="0"/>
            <line number="715" hits="0"/>
            <line number="716" hits="0"/>
            <line number="718" hits="0"/>
            <line number="721" hits="0"/>
            <line number="722" hits="0"/>
            <line number="723" hits="0"/>
            <line number="724" hits="0"/>
            <line number="725" hits="0"/>
            <line number="726" hits="0"/>
            <line number="727" hits="0"/>
            <line number="728" hits="0"/>
            <line number="731" hits="0"/>
            <line number="734" hits="0"/>
            <line number="735" hits="0"/>
            <line number="737" hits="0"/>
            <line number="739" hits="0"/>
            <line number="740" hits="0"/>
            <line number="741" hits="0"/>
            <line number="743" hits="0"/>
            <line number="744" hits="0"/>
            <line number="745" hits="0"/>
            <line number="748" hits="0"/>
            <line number="750" hits="0"/>
            <line number="751" hits="0"/>
            <line number="756" hits="0"/>
            <line number="757" hits="0"/>
            <line number="758" hits="0"/>
            <line number="759" hits="0"/>
            <line number="761" hits="0"/>
            <line number="762" hits="0"/>
            <line number="763" hits="0"/>
            <line number="768" hits="0"/>
            <line number="769" hits="0"/>
            <line number="770" hits="0"/>
            <line number="771" hits="0"/>
            <line number="772" hits="0"/>
            <line number="773" hits="0"/>
            <line number="774" hits="0"/>
            <line number="775" hits="0"/>
            <line number="777" hits="0"/>
            <line number="781" hits="0"/>
            <line number="782" hits="0"/>
            <line number="783" hits="0"/>
            <line number="790" hits="0"/>
            <line number="791" hits="0"/>
            <line number="792" hits="0"/>
            <line number="794" hits="0"/>
            <line number="797" hits="0"/>
            <line number="798" hits="0"/>
            <line number="803" hits="0"/>
            <line number="804" hits="0"/>
            <line number="805" hits="0"/>
            <line number="806" hits="0"/>
            <line number="807" hits="0"/>
            <line number="808" hits="0"/>
            <line number="811" hits="0"/>
            <line number="812" hits="0"/>
            <line number="813" hits="0"/>
            <line number="815" hits="0"/>
            <line number="817" hits="0"/>
            <line number="818" hits="0"/>
            <line number="821" hits="0"/>
            <line number="823" hits="0"/>
            <line number="828" hits="0"/>
            <line number="829" hits="0"/>
            <line number="830" hits="0"/>
            <line number="832" hits="0"/>
            <line number="834" hits="0"/>
            <line number="841" hits="0"/>
            <line number="842" hits="0"/>
            <line number="845" hits="0"/>
            <line number="848" hits="0"/>
            <line number="849" hits="0"/>
            <line number="851" hits="0"/>
            <line number="852" hits="0"/>
            <line number="853" hits="0"/>
            <line number="855" hits="0"/>
            <line number="859" hits="0"/>
            <line number="864" hits="0"/>
            <line number="869" hits="0"/>
            <line number="874" hits="0"/>
            <line number="875" hits="0"/>
            <line number="879" hits="0"/>
            <line number="883" hits="0"/>
            <line number="888" hits="0"/>
            <line number="889" hits="0"/>
            <line number="892" hits="0"/>
            <line number="893" hits="0"/>
            <line number="895" hits="0"/>
            <line number="897" hits="0"/>
            <line number="900" hits="0"/>
            <line number="901" hits="0"/>
            <line number="903" hits="0"/>
            <line number="904" hits="0"/>
            <line number="906" hits="0"/>
            <line number="907" hits="0"/>
            <line number="908" hits="0"/>
            <line number="911" hits="0"/>
            <line number="912" hits="0"/>
            <line number="914" hits="0"/>
            <line number="915" hits="0"/>
            <line number="916" hits="0"/>
            <line number="921" hits="0"/>
            <line number="924" hits="0"/>
            <line number="925" hits="0"/>
            <line number="927" hits="0"/>
            <line number="931" hits="0"/>
            <line number="932" hits="0"/>
            <line number="933" hits="0"/>
            <line number="940" hits="0"/>
            <line number="942" hits="0"/>
            <line number="944" hits="0"/>
            <line number="945" hits="0"/>
            <line number="947" hits="0"/>
            <line number="948" hits="0"/>
            <line number="951" hits="0"/>
            <line number="952" hits="0"/>
            <line number="954" hits="0"/>
            <line number="955" hits="0"/>
            <line number="957" hits="0"/>
            <line number="958" hits="0"/>
            <line number="965" hits="0"/>
            <line number="966" hits="0"/>
            <line number="968" hits="0"/>
            <line number="969" hits="0"/>
            <line number="970" hits="0"/>
            <line number="971" hits="0"/>
            <line number="972" hits="0"/>
            <line number="974" hits="1"/>
            <line number="975" hits="1"/>
            <line number="976" hits="1"/>
            <line number="977" hits="1"/>
            <line number="979" hits="0"/>
            <line number="980" hits="0"/>
            <line number="981" hits="0"/>
            <line number="982" hits="0"/>
            <line number="983" hits="0"/>
            <line number="985" hits="0"/>
            <line number="986" hits="0"/>
            <line number="988" hits="1"/>
            <line number="989" hits="1"/>
            <line number="990" hits="1"/>
            <line number="992" hits="1"/>
            <line number="993" hits="1"/>
            <line number="994" hits="1"/>
            <line number="995" hits="1"/>
          </lines>
        </class>
        <class name="server-cache-graph.h" filename="source\llama.cpp-jet\tools\server\server-cache-graph.h" line-rate="0.94999999999999996" branch-rate="0" complexity="0">
          <methods/>
          <lines>
            <line number="45" hits="1"/>
            <line number="47" hits="1"/>
            <line number="49" hits="1"/>
            <line number="50" hits="1"/>
            <line number="51" hits="1"/>
            <line number="54" hits="1"/>
            <line number="57" hits="1"/>
            <line number="58" hits="1"/>
            <line number="59" hits="1"/>
            <line number="66" hits="1"/>
            <line number="68" hits="1"/>
            <line number="79" hits="1"/>
            <line number="81" hits="1"/>
            <line number="82" hits="1"/>
            <line number="84" hits="1"/>
            <line number="85" hits="1"/>
            <line number="88" hits="1"/>
            <line number="90" hits="0"/>
            <line number="259" hits="1"/>
            <line number="260" hits="1"/>
          </lines>
        </class>
      </classes>
    </package>
  </packages>
</coverage>
